<?xml version="1.0" encoding="UTF-8"?>
<!-- Generated by org.testng.reporters.JUnitXMLReporter -->
<testsuite ignored="0" hostname="FFE-Bobbala-Venkata-Nagireddy" failures="0" tests="4" name="Default test" time="81.989" errors="0" timestamp="2025-11-16T13:49:00 IST">
  <testcase classname="systemIntegration.ERP_Testing_E2E" name="inventory" time="14.147"/>
  <testcase classname="systemIntegration.ERP_Testing_E2E" name="crm" time="4.72"/>
  <testcase classname="systemIntegration.ERP_Testing_E2E" name="brm" time="47.211"/>
  <testcase classname="systemIntegration.ERP_Testing_E2E" name="logisticMobile" time="15.812"/>
</testsuite> <!-- Default test -->
