<?xml version="1.0" encoding="UTF-8"?>
<!-- Generated by org.testng.reporters.JUnitXMLReporter -->
<testsuite ignored="0" hostname="FFE-Bobbala-Venkata-Nagireddy" failures="0" tests="4" name="Default test" time="16.636" errors="0" timestamp="2025-11-03T09:32:49 IST">
  <testcase classname="nimbblAggregator.NimbblE2E" name="getToken" time="4.449"/>
  <testcase classname="nimbblAggregator.NimbblE2E" name="postOrderId" time="0.195"/>
  <testcase classname="nimbblAggregator.NimbblE2E" name="initiateTxn" time="0.589"/>
  <testcase classname="nimbblAggregator.NimbblE2E" name="webHookTest" time="11.34"/>
</testsuite> <!-- Default test -->
