<?xml version="1.0" encoding="UTF-8"?>
<!-- Generated by org.testng.reporters.JUnitXMLReporter -->
<testsuite ignored="2" hostname="FFE-Bobbala-Venkata-Nagireddy" failures="0" tests="3" name="Test" time="3.596" errors="0" timestamp="2025-10-21T11:55:51 IST">
  <testcase classname="hrmTestCases.addSingleProjectWithCreatedTest" name="addProject" time="3.369"/>
  <testcase classname="hrmTestCases.addSingleProjectWithCreatedTest" name="deleteProject" time="0.043"/>
  <testcase classname="hrmTestCases.GetAllProjectsTest" name="getAllProjects" time="0.102"/>
  <testcase classname="BaseApiClass.BaseClass" name="@AfterSuite configDBClose" time="0.0">
    <ignored/>
  </testcase> <!-- @AfterSuite configDBClose -->
  <testcase classname="BaseApiClass.BaseClass" name="@BeforeSuite configDBConnection" time="0.0">
    <ignored/>
  </testcase> <!-- @BeforeSuite configDBConnection -->
</testsuite> <!-- Test -->
