<?xml version="1.0" encoding="UTF-8"?>
<testng-results ignored="0" total="1" passed="1" failed="0" skipped="0">
  <reporter-output>
  </reporter-output>
  <suite started-at="2025-10-21T17:29:42 IST" name="Default suite" finished-at="2025-10-21T17:29:45 IST" duration-ms="2831">
    <groups>
    </groups>
    <test started-at="2025-10-21T17:29:42 IST" name="Default test" finished-at="2025-10-21T17:29:45 IST" duration-ms="2831">
      <class name="ninzaHRM.crudWithBDD.CreateProjectPost">
        <test-method signature="PostProject()[pri:0, instance:ninzaHRM.crudWithBDD.CreateProjectPost@662ac478]" started-at="2025-10-21T17:29:42 IST" name="PostProject" finished-at="2025-10-21T17:29:45 IST" duration-ms="2769" status="PASS">
          <reporter-output>
          </reporter-output>
        </test-method> <!-- PostProject -->
      </class> <!-- ninzaHRM.crudWithBDD.CreateProjectPost -->
    </test> <!-- Default test -->
  </suite> <!-- Default suite -->
</testng-results>
