<?xml version="1.0" encoding="UTF-8"?>
<testng-results ignored="0" total="4" passed="4" failed="0" skipped="0">
  <reporter-output>
  </reporter-output>
  <suite started-at="2025-11-03T09:32:33 IST" name="Default suite" finished-at="2025-11-03T09:32:49 IST" duration-ms="16636">
    <groups>
    </groups>
    <test started-at="2025-11-03T09:32:33 IST" name="Default test" finished-at="2025-11-03T09:32:49 IST" duration-ms="16636">
      <class name="nimbblAggregator.NimbblE2E">
        <test-method signature="getToken()[pri:1, instance:nimbblAggregator.NimbblE2E@4116aac9]" started-at="2025-11-03T09:32:33 IST" name="getToken" finished-at="2025-11-03T09:32:37 IST" duration-ms="4449" status="PASS">
          <reporter-output>
          </reporter-output>
        </test-method> <!-- getToken -->
        <test-method signature="postOrderId()[pri:2, instance:nimbblAggregator.NimbblE2E@4116aac9]" started-at="2025-11-03T09:32:37 IST" name="postOrderId" finished-at="2025-11-03T09:32:37 IST" duration-ms="195" status="PASS">
          <reporter-output>
          </reporter-output>
        </test-method> <!-- postOrderId -->
        <test-method signature="initiateTxn()[pri:4, instance:nimbblAggregator.NimbblE2E@4116aac9]" started-at="2025-11-03T09:32:37 IST" name="initiateTxn" finished-at="2025-11-03T09:32:38 IST" duration-ms="589" status="PASS">
          <reporter-output>
          </reporter-output>
        </test-method> <!-- initiateTxn -->
        <test-method signature="webHookTest()[pri:5, instance:nimbblAggregator.NimbblE2E@4116aac9]" started-at="2025-11-03T09:32:38 IST" name="webHookTest" finished-at="2025-11-03T09:32:49 IST" duration-ms="11340" status="PASS">
          <reporter-output>
          </reporter-output>
        </test-method> <!-- webHookTest -->
      </class> <!-- nimbblAggregator.NimbblE2E -->
    </test> <!-- Default test -->
  </suite> <!-- Default suite -->
</testng-results>
