<?xml version="1.0" encoding="UTF-8"?>
<!-- Generated by org.testng.reporters.JUnitReportReporter -->
<testsuite hostname="FFE-Bobbala-Venkata-Nagireddy" failures="0" tests="1" name="responseValidationPractice.ExtractingDataFromResponse" time="1.264" errors="0" timestamp="2025-10-14T14:06:15 IST" skipped="0">
  <testcase classname="responseValidationPractice.ExtractingDataFromResponse" name="getAllProjects" time="1.264"/>
</testsuite> <!-- responseValidationPractice.ExtractingDataFromResponse -->
