<?xml version="1.0" encoding="UTF-8"?>
<!-- Generated by org.testng.reporters.JUnitReportReporter -->
<testsuite hostname="FFE-Bobbala-Venkata-Nagireddy" failures="0" tests="4" name="nimbblAggregator.NimbblE2E" time="16.573" errors="0" timestamp="2025-11-03T09:32:50 IST" skipped="0">
  <testcase classname="nimbblAggregator.NimbblE2E" name="getToken" time="4.449"/>
  <testcase classname="nimbblAggregator.NimbblE2E" name="postOrderId" time="0.195"/>
  <testcase classname="nimbblAggregator.NimbblE2E" name="initiateTxn" time="0.589"/>
  <testcase classname="nimbblAggregator.NimbblE2E" name="webHookTest" time="11.340"/>
</testsuite> <!-- nimbblAggregator.NimbblE2E -->
