<?xml version="1.0" encoding="UTF-8"?>
<!-- Generated by org.testng.reporters.JUnitReportReporter -->
<testsuite hostname="FFE-Bobbala-Venkata-Nagireddy" failures="0" tests="2" name="encryption.SampleEncryptionDecryption" time="0.085" errors="0" timestamp="2025-10-23T14:29:54 IST" skipped="0">
  <testcase classname="encryption.SampleEncryptionDecryption" name="decrypt" time="0.002"/>
  <testcase classname="encryption.SampleEncryptionDecryption" name="encrypt" time="0.083"/>
</testsuite> <!-- encryption.SampleEncryptionDecryption -->
