<?xml version="1.0" encoding="UTF-8"?>
<!-- Generated by org.testng.reporters.JUnitReportReporter -->
<testsuite hostname="FFE-Bobbala-Venkata-Nagireddy" failures="0" tests="10" name="dataDrivenTesting.CreateProjectAndDelete_Via_Excel" time="12.711" errors="0" timestamp="2025-10-15T15:52:51 IST" skipped="0">
  <testcase classname="dataDrivenTesting.CreateProjectAndDelete_Via_Excel" name="PostProject" time="1.068"/>
  <testcase classname="dataDrivenTesting.CreateProjectAndDelete_Via_Excel" name="PostProject" time="1.067"/>
  <testcase classname="dataDrivenTesting.CreateProjectAndDelete_Via_Excel" name="PostProject" time="1.073"/>
  <testcase classname="dataDrivenTesting.CreateProjectAndDelete_Via_Excel" name="PostProject" time="1.078"/>
  <testcase classname="dataDrivenTesting.CreateProjectAndDelete_Via_Excel" name="PostProject" time="1.066"/>
  <testcase classname="dataDrivenTesting.CreateProjectAndDelete_Via_Excel" name="PostProject" time="3.088"/>
  <testcase classname="dataDrivenTesting.CreateProjectAndDelete_Via_Excel" name="PostProject" time="1.060"/>
  <testcase classname="dataDrivenTesting.CreateProjectAndDelete_Via_Excel" name="PostProject" time="1.073"/>
  <testcase classname="dataDrivenTesting.CreateProjectAndDelete_Via_Excel" name="PostProject" time="1.074"/>
  <testcase classname="dataDrivenTesting.CreateProjectAndDelete_Via_Excel" name="PostProject" time="1.064"/>
</testsuite> <!-- dataDrivenTesting.CreateProjectAndDelete_Via_Excel -->
