<?xml version="1.0" encoding="UTF-8"?>
<!-- Generated by org.testng.reporters.JUnitReportReporter -->
<testsuite hostname="FFE-Bobbala-Venkata-Nagireddy" failures="0" tests="1" name="responseValidationPractice.VerifyResponseBody_ViaJsonPath" time="1.970" errors="0" timestamp="2025-10-14T14:04:10 IST" skipped="0">
  <testcase classname="responseValidationPractice.VerifyResponseBody_ViaJsonPath" name="getAllProjects" time="1.970"/>
</testsuite> <!-- responseValidationPractice.VerifyResponseBody_ViaJsonPath -->
