<?xml version="1.0" encoding="UTF-8"?>
<!-- Generated by org.testng.reporters.JUnitReportReporter -->
<testsuite hostname="FFE-Bobbala-Venkata-Nagireddy" failures="0" tests="3" name="dataDrivenTesting.CreateProjectAndDelete" time="5.789" errors="0" timestamp="2025-10-15T15:11:05 IST" skipped="0">
  <testcase classname="dataDrivenTesting.CreateProjectAndDelete" name="PostProject" time="1.104"/>
  <testcase classname="dataDrivenTesting.CreateProjectAndDelete" name="PostProject" time="1.093"/>
  <testcase classname="dataDrivenTesting.CreateProjectAndDelete" name="PostProject" time="3.592"/>
</testsuite> <!-- dataDrivenTesting.CreateProjectAndDelete -->
