<?xml version="1.0" encoding="UTF-8"?>
<!-- Generated by org.testng.reporters.JUnitReportReporter -->
<testsuite hostname="FFE-Bobbala-Venkata-Nagireddy" failures="0" tests="4" name="systemIntegration.ERP_Testing_E2E" time="60.376" errors="0" timestamp="2025-11-13T16:46:56 IST" skipped="0">
  <testcase classname="systemIntegration.ERP_Testing_E2E" name="inventory" time="11.965"/>
  <testcase classname="systemIntegration.ERP_Testing_E2E" name="crm" time="4.278"/>
  <testcase classname="systemIntegration.ERP_Testing_E2E" name="brm" time="30.706"/>
  <testcase classname="systemIntegration.ERP_Testing_E2E" name="logisticMobile" time="13.427"/>
</testsuite> <!-- systemIntegration.ERP_Testing_E2E -->
